<?xml version="1.0" encoding="UTF-8"?>
<coverage generated="1681993555025" clover="3.2.0">
  <project timestamp="1681993555026" name="All files">
    <metrics statements="45" coveredstatements="25" conditionals="6" coveredconditionals="5" methods="4" coveredmethods="2" elements="55" coveredelements="32" complexity="0" loc="45" ncloc="45" packages="2" files="3" classes="3"/>
    <package name="modules">
      <metrics statements="29" coveredstatements="10" conditionals="1" coveredconditionals="1" methods="3" coveredmethods="1"/>
      <file name="api.js" path="C:\Users\waqar\OneDrive\Desktop\My Projects at Microverse\JavaScript-Group-Project\src\modules\api.js">
        <metrics statements="25" coveredstatements="6" conditionals="0" coveredconditionals="0" methods="2" coveredmethods="0"/>
        <line num="1" count="1" type="stmt"/>
        <line num="2" count="1" type="stmt"/>
        <line num="3" count="1" type="stmt"/>
        <line num="4" count="1" type="stmt"/>
        <line num="5" count="0" type="stmt"/>
        <line num="6" count="0" type="stmt"/>
        <line num="7" count="0" type="stmt"/>
        <line num="8" count="0" type="stmt"/>
        <line num="9" count="0" type="stmt"/>
        <line num="10" count="0" type="stmt"/>
        <line num="11" count="0" type="stmt"/>
        <line num="12" count="0" type="stmt"/>
        <line num="13" count="0" type="stmt"/>
        <line num="14" count="0" type="stmt"/>
        <line num="15" count="1" type="stmt"/>
        <line num="16" count="1" type="stmt"/>
        <line num="17" count="0" type="stmt"/>
        <line num="18" count="0" type="stmt"/>
        <line num="19" count="0" type="stmt"/>
        <line num="20" count="0" type="stmt"/>
        <line num="21" count="0" type="stmt"/>
        <line num="22" count="0" type="stmt"/>
        <line num="23" count="0" type="stmt"/>
        <line num="24" count="0" type="stmt"/>
        <line num="25" count="0" type="stmt"/>
      </file>
      <file name="testSample.js" path="C:\Users\waqar\OneDrive\Desktop\My Projects at Microverse\JavaScript-Group-Project\src\modules\testSample.js">
        <metrics statements="4" coveredstatements="4" conditionals="1" coveredconditionals="1" methods="1" coveredmethods="1"/>
        <line num="1" count="1" type="cond" truecount="1" falsecount="0"/>
        <line num="2" count="1" type="stmt"/>
        <line num="3" count="1" type="stmt"/>
        <line num="4" count="1" type="stmt"/>
      </file>
    </package>
    <package name="modules.counter">
      <metrics statements="16" coveredstatements="15" conditionals="5" coveredconditionals="4" methods="1" coveredmethods="1"/>
      <file name="itemCtr.js" path="C:\Users\waqar\OneDrive\Desktop\My Projects at Microverse\JavaScript-Group-Project\src\modules\counter\itemCtr.js">
        <metrics statements="16" coveredstatements="15" conditionals="5" coveredconditionals="4" methods="1" coveredmethods="1"/>
        <line num="1" count="1" type="stmt"/>
        <line num="2" count="1" type="stmt"/>
        <line num="3" count="1" type="cond" truecount="1" falsecount="0"/>
        <line num="4" count="4" type="cond" truecount="1" falsecount="0"/>
        <line num="5" count="3" type="cond" truecount="1" falsecount="0"/>
        <line num="6" count="2" type="stmt"/>
        <line num="7" count="2" type="stmt"/>
        <line num="8" count="2" type="stmt"/>
        <line num="9" count="4" type="cond" truecount="0" falsecount="1"/>
        <line num="10" count="0" type="stmt"/>
        <line num="11" count="4" type="cond" truecount="1" falsecount="0"/>
        <line num="12" count="2" type="stmt"/>
        <line num="13" count="2" type="stmt"/>
        <line num="14" count="4" type="stmt"/>
        <line num="15" count="1" type="stmt"/>
        <line num="16" count="1" type="stmt"/>
      </file>
    </package>
  </project>
</coverage>
