{"D:\\1_microverse\\module_2\\JavaScript-Group-Project\\src\\modules\\counter\\commentsCtr.js": {"path":"D:\\1_microverse\\module_2\\JavaScript-Group-Project\\src\\modules\\counter\\commentsCtr.js","all":false,"statementMap":{"0":{"start":{"line":1,"column":0},"end":{"line":1,"column":39}},"1":{"start":{"line":2,"column":0},"end":{"line":2,"column":75}},"2":{"start":{"line":3,"column":0},"end":{"line":3,"column":30}},"3":{"start":{"line":4,"column":0},"end":{"line":4,"column":2}},"4":{"start":{"line":5,"column":0},"end":{"line":5,"column":0}},"5":{"start":{"line":6,"column":0},"end":{"line":6,"column":31}}},"s":{"0":1,"1":2,"2":2,"3":2,"4":1,"5":1},"branchMap":{"0":{"type":"branch","line":1,"loc":{"start":{"line":1,"column":24},"end":{"line":4,"column":2}},"locations":[{"start":{"line":1,"column":24},"end":{"line":4,"column":2}}]},"1":{"type":"branch","line":2,"loc":{"start":{"line":2,"column":68},"end":{"line":2,"column":74}},"locations":[{"start":{"line":2,"column":68},"end":{"line":2,"column":74}}]},"2":{"type":"branch","line":3,"loc":{"start":{"line":3,"column":24},"end":{"line":3,"column":29}},"locations":[{"start":{"line":3,"column":24},"end":{"line":3,"column":29}}]}},"b":{"0":[2],"1":[0],"2":[1]},"fnMap":{"0":{"name":"commentsCounter","decl":{"start":{"line":1,"column":24},"end":{"line":4,"column":2}},"loc":{"start":{"line":1,"column":24},"end":{"line":4,"column":2}},"line":1}},"f":{"0":2}}
}
