TN:
SF:src\modules\api.js
FN:6,fetchCategories
FN:18,fetchLikesForCategory
FNF:2
FNH:0
FNDA:0,fetchCategories
FNDA:0,fetchLikesForCategory
DA:1,1
DA:2,1
DA:3,1
DA:4,1
DA:5,1
DA:6,1
DA:7,0
DA:8,0
DA:9,0
DA:10,0
DA:11,0
DA:12,0
DA:13,0
DA:14,0
DA:15,0
DA:16,0
DA:17,1
DA:18,1
DA:19,0
DA:20,0
DA:21,0
DA:22,0
DA:23,0
DA:24,0
DA:25,0
DA:26,0
DA:27,0
LF:27
LH:8
BRF:0
BRH:0
end_of_record
TN:
SF:src\modules\counter\commentsCtr.js
FN:1,commentsCounter
FNF:1
FNH:1
FNDA:2,commentsCounter
DA:1,1
DA:2,2
DA:3,2
DA:4,2
DA:5,1
DA:6,1
LF:6
LH:6
BRDA:1,0,0,2
BRDA:2,1,0,0
BRDA:3,2,0,1
BRF:3
BRH:2
end_of_record
TN:
SF:src\modules\counter\itemCtr.js
FN:3,mealDishesCounter
FNF:1
FNH:1
FNDA:3,mealDishesCounter
DA:1,1
DA:2,1
DA:3,1
DA:4,3
DA:5,3
DA:6,2
DA:7,3
DA:8,3
DA:9,3
DA:10,3
DA:11,2
DA:12,3
DA:13,0
DA:14,0
DA:15,3
DA:16,1
DA:17,1
DA:18,3
DA:19,1
DA:20,1
LF:20
LH:18
BRDA:3,0,0,3
BRDA:5,1,0,2
BRDA:7,2,0,0
BRDA:10,3,0,2
BRDA:12,4,0,0
BRDA:15,5,0,1
BRF:6
BRH:4
end_of_record
