TN:
SF:src\modules\api.js
FN:4,fetchCategories
FN:16,fetchLikesForCategory
FNF:2
FNH:0
FNDA:0,fetchCategories
FNDA:0,fetchLikesForCategory
DA:1,1
DA:2,1
DA:3,1
DA:4,1
DA:5,0
DA:6,0
DA:7,0
DA:8,0
DA:9,0
DA:10,0
DA:11,0
DA:12,0
DA:13,0
DA:14,0
DA:15,1
DA:16,1
DA:17,0
DA:18,0
DA:19,0
DA:20,0
DA:21,0
DA:22,0
DA:23,0
DA:24,0
DA:25,0
LF:25
LH:6
BRF:0
BRH:0
end_of_record
TN:
SF:src\modules\testSample.js
FN:1,sum
FNF:1
FNH:1
FNDA:1,sum
DA:1,1
DA:2,1
DA:3,1
DA:4,1
LF:4
LH:4
BRDA:1,0,0,1
BRF:1
BRH:1
end_of_record
TN:
SF:src\modules\counter\itemCtr.js
FN:3,mealDishesCounter
FNF:1
FNH:1
FNDA:4,mealDishesCounter
DA:1,1
DA:2,1
DA:3,1
DA:4,4
DA:5,3
DA:6,2
DA:7,2
DA:8,2
DA:9,4
DA:10,0
DA:11,4
DA:12,2
DA:13,2
DA:14,4
DA:15,1
DA:16,1
LF:16
LH:15
BRDA:3,0,0,4
BRDA:4,1,0,3
BRDA:5,2,0,2
BRDA:9,3,0,0
BRDA:11,4,0,2
BRF:5
BRH:4
end_of_record
